<?xml version="1.0" encoding="UTF-8"?>
<testsuites>
  <testsuite name="D:\projects\php\tina4php-shape\tests" tests="3" assertions="100" errors="0" warnings="0" failures="0" skipped="0" time="0.005926">
    <testsuite name="HTMLElementTest" file="D:\projects\php\tina4php-shape\tests\HTMLElementTest.php" tests="3" assertions="100" errors="0" warnings="0" failures="0" skipped="0" time="0.005926">
      <testcase name="testEmbedding" class="HTMLElementTest" classname="HTMLElementTest" file="D:\projects\php\tina4php-shape\tests\HTMLElementTest.php" line="12" assertions="1" time="0.004142"/>
      <testcase name="testHTMLElement" class="HTMLElementTest" classname="HTMLElementTest" file="D:\projects\php\tina4php-shape\tests\HTMLElementTest.php" line="30" assertions="1" time="0.000114"/>
      <testcase name="testElements" class="HTMLElementTest" classname="HTMLElementTest" file="D:\projects\php\tina4php-shape\tests\HTMLElementTest.php" line="38" assertions="98" time="0.001670"/>
    </testsuite>
  </testsuite>
</testsuites>
