<?xml version="1.0" encoding="UTF-8"?>
<testsuites>
  <testsuite name="D:\projects\php\tina4php-shape\tests" tests="2" assertions="99" errors="0" warnings="0" failures="0" skipped="0" time="0.006841">
    <testsuite name="HTMLElementTest" file="D:\projects\php\tina4php-shape\tests\HTMLElementTest.php" tests="2" assertions="99" errors="0" warnings="0" failures="0" skipped="0" time="0.006841">
      <testcase name="testHTMLElement" class="HTMLElementTest" classname="HTMLElementTest" file="D:\projects\php\tina4php-shape\tests\HTMLElementTest.php" line="12" assertions="1" time="0.005203"/>
      <testcase name="testElements" class="HTMLElementTest" classname="HTMLElementTest" file="D:\projects\php\tina4php-shape\tests\HTMLElementTest.php" line="18" assertions="98" time="0.001638"/>
    </testsuite>
  </testsuite>
</testsuites>
