<?xml version="1.0" encoding="UTF-8"?>
<testsuites>
  <testsuite name="/Users/andrevanzuydam/IdeaProjects/tina4php-shape/tests" tests="3" assertions="100" errors="0" warnings="0" failures="0" skipped="0" time="0.001142">
    <testsuite name="HTMLElementTest" file="/Users/andrevanzuydam/IdeaProjects/tina4php-shape/tests/HTMLElementTest.php" tests="3" assertions="100" errors="0" warnings="0" failures="0" skipped="0" time="0.001142">
      <testcase name="testEmbedding" class="HTMLElementTest" classname="HTMLElementTest" file="/Users/andrevanzuydam/IdeaProjects/tina4php-shape/tests/HTMLElementTest.php" line="12" assertions="1" time="0.000867"/>
      <testcase name="testHTMLElement" class="HTMLElementTest" classname="HTMLElementTest" file="/Users/andrevanzuydam/IdeaProjects/tina4php-shape/tests/HTMLElementTest.php" line="25" assertions="1" time="0.000033"/>
      <testcase name="testElements" class="HTMLElementTest" classname="HTMLElementTest" file="/Users/andrevanzuydam/IdeaProjects/tina4php-shape/tests/HTMLElementTest.php" line="33" assertions="98" time="0.000242"/>
    </testsuite>
  </testsuite>
</testsuites>
